<?xml version="1.0" encoding="UTF-8"?>
<!-- Generated by org.testng.reporters.JUnitReportReporter -->
<testsuite hostname="Lenovo-PC" name="org.mmt.tes.Flight_Test" tests="1" failures="0" timestamp="1 Oct 2018 04:54:01 GMT" time="6.831" errors="0">
  <testcase name="test1" time="6.831" classname="org.mmt.tes.Flight_Test"/>
</testsuite> <!-- org.mmt.tes.Flight_Test -->
