<?xml version="1.0" encoding="UTF-8"?>
<!-- Generated by org.testng.reporters.JUnitReportReporter -->
<testsuite hostname="Lenovo-PC" name="org.mmt.tes.Flight_Test" tests="1" failures="0" timestamp="1 Oct 2018 05:13:10 GMT" time="8.009" errors="0">
  <testcase name="test1" time="8.009" classname="org.mmt.tes.Flight_Test"/>
</testsuite> <!-- org.mmt.tes.Flight_Test -->
